2021-11-30-19-03-01
scrapy crawl sina_spider --pages  success.
run python monitor_news.py success.
run update_new_items success.
delete RedisProtrail ...
run update_redis_mongo_protrail_data success.
news detail info are saved in redis db.
material to mongo and redis success.
 
2021-11-30-19-08-01
scrapy crawl sina_spider --pages  success.
run python monitor_news.py success.
run update_new_items success.
delete RedisProtrail ...
run update_redis_mongo_protrail_data success.
news detail info are saved in redis db.
material to mongo and redis success.
 
material to mongo and redis fail.
 
material to mongo and redis fail.
 
2021-12-02-09-13-04
scrapy crawl sina_spider --pages  success.
the news nums of news_20211202 collection is 251 and less then 1000.
run python monitor_news.py success.
material to mongo and redis fail.
 
material to mongo and redis fail.
 
update_dynamic_feature_protrail success.
material to mongo and redis fail.
 
update_dynamic_feature_protrail success.
run update_new_items success.
delete RedisProtrail ...
run update_redis_mongo_protrail_data success.
news detail info are saved in redis db.
material to mongo and redis success.
 
2021-12-02-23-00-01
scrapy crawl sina_spider --pages  success.
the news nums of news_20211202 collection is 644 and less then 1000.
run python monitor_news.py success.
material to mongo and redis fail.
 
material to mongo and redis fail.
 
material to mongo and redis fail.
 
update_dynamic_feature_protrail success.
run update_new_items success.
delete RedisProtrail ...
run update_redis_mongo_protrail_data success.
news detail info are saved in redis db.
material to mongo and redis success.
 
2021-12-03-09-38-39
scrapy crawl sina_spider --pages  success.
the news nums of news_20211203 collection is 659 and less then 1000.
run python monitor_news.py success.
2021-12-03-09-50-04
scrapy crawl sina_spider --pages  success.
run python monitor_news.py success.
update_dynamic_feature_protrail success.
run update_new_items success.
delete RedisProtrail ...
run update_redis_mongo_protrail_data success.
news detail info are saved in redis db.
material to mongo and redis success.
 
2021-12-04-00-00-01
scrapy crawl sina_spider --pages  success.
run python monitor_news.py success.
